2017-05-29T08:35:09.863587 : extracted csv data
2017-05-29T08:35:09.866474 : selected words: ['conduct', 'attract', 'virtue', 'proclaim', 'witness']
2017-05-29T08:35:11.473876 : connected to google trends
2017-05-29T08:35:11.474545 : selected word: witness
2017-05-29T08:35:11.484749 : saved csv sans word
2017-05-29T08:35:11.500827 : created image called: witness.jpg
2017-05-29T08:35:58.327112 : extracted csv data
2017-05-29T08:35:58.329928 : selected words: ['mix', 'girlfriend', 'examine', 'fragile', 'sometimes']
2017-05-29T08:36:01.103982 : connected to google trends
2017-05-29T08:36:01.104660 : selected word: girlfriend
2017-05-29T08:36:01.116368 : saved csv sans word
2017-05-29T08:36:01.132458 : created image called: girlfriend.jpg
2017-05-29T08:36:01.874960 : tweet sent
2017-05-29T09:03:29.758881 : extracted csv data
2017-05-29T09:03:29.761367 : selected words: ['vegetable', 'recording', 'dominate', 'high-tech', 'tall']
2017-05-29T09:03:34.163844 : connected to google trends
2017-05-29T09:03:34.164522 : selected word: tall
2017-05-29T09:03:34.164586 : error occured: name 'filePath' is not defined
2017-05-29T09:04:35.743639 : extracted csv data
2017-05-29T09:04:35.746126 : selected words: ['civilian', 'resist', 'bush', 'stability', 'forth']
2017-05-29T09:04:37.244990 : connected to google trends
2017-05-29T09:04:37.245651 : selected word: bush
2017-05-29T09:04:37.256134 : saved csv sans word
2017-05-29T09:04:37.271764 : created image called: bush.jpg
2017-05-29T09:04:38.232767 : tweet sent
2017-05-29T19:00:02.040518 : extracted csv data
2017-05-29T19:00:02.043531 : selected words: ['trip', 'pill', 'possess', 'economy', 'build']
2017-05-29T19:00:05.277903 : connected to google trends
2017-05-29T19:00:05.278612 : selected word: build
2017-05-29T19:00:05.289962 : saved csv sans word
2017-05-29T19:00:05.305806 : created image called: build.jpg
2017-05-29T19:00:06.208204 : tweet sent
2017-05-30T19:00:02.064151 : extracted csv data
2017-05-30T19:00:02.064543 : error occured: arrays must all be same length
2017-05-30T20:59:46.389160 : selected words: ['curriculum', 'receive', 'testimony', 'test', 'spoon']
2017-05-30T20:59:50.302805 : connected to google trends
2017-05-30T20:59:50.303430 : selected word: test
2017-05-30T20:59:50.318737 : saved csv sans word
2017-05-30T20:59:50.334327 : created image called: test.jpg
2017-05-30T20:59:51.454009 : tweet sent
